This is pdfTeX, Version 3.1415926-2.5-1.40.14 (TeX Live 2013/Debian) (format=pdflatex 2015.7.7)  20 DEC 2015 12:53
entering extended mode
 restricted \write18 enabled.
 %&-line parsing enabled.
**report.tex
(./report.tex
LaTeX2e <2011/06/27>
Babel <3.9h> and hyphenation patterns for 43 languages loaded.
(/usr/share/texlive/texmf-dist/tex/latex/base/report.cls
Document Class: report 2007/10/19 v1.4h Standard LaTeX document class
(/usr/share/texlive/texmf-dist/tex/latex/base/size12.clo
File: size12.clo 2007/10/19 v1.4h Standard LaTeX file (size option)
)
\c@part=\count79
\c@chapter=\count80
\c@section=\count81
\c@subsection=\count82
\c@subsubsection=\count83
\c@paragraph=\count84
\c@subparagraph=\count85
\c@figure=\count86
\c@table=\count87
\abovecaptionskip=\skip41
\belowcaptionskip=\skip42
\bibindent=\dimen102
) (./pdfscreen.sty
Package: pdfscreen 2000/07/07 v.1.5 screen PDF design (CVR)

(/usr/share/texlive/texmf-dist/tex/latex/graphics/graphicx.sty
Package: graphicx 1999/02/16 v1.0f Enhanced LaTeX Graphics (DPC,SPQR)

(/usr/share/texlive/texmf-dist/tex/latex/graphics/keyval.sty
Package: keyval 1999/03/16 v1.13 key=value parser (DPC)
\KV@toks@=\toks14
)
(/usr/share/texlive/texmf-dist/tex/latex/graphics/graphics.sty
Package: graphics 2009/02/05 v1.0o Standard LaTeX Graphics (DPC,SPQR)

(/usr/share/texlive/texmf-dist/tex/latex/graphics/trig.sty
Package: trig 1999/03/16 v1.09 sin cos tan (DPC)
)
(/usr/share/texlive/texmf-dist/tex/latex/latexconfig/graphics.cfg
File: graphics.cfg 2010/04/23 v1.9 graphics configuration of TeX Live
)
Package graphics Info: Driver file: pdftex.def on input line 91.

(/usr/share/texlive/texmf-dist/tex/latex/pdftex-def/pdftex.def
File: pdftex.def 2011/05/27 v0.06d Graphics/color for pdfTeX

(/usr/share/texlive/texmf-dist/tex/generic/oberdiek/infwarerr.sty
Package: infwarerr 2010/04/08 v1.3 Providing info/warning/error messages (HO)
)
(/usr/share/texlive/texmf-dist/tex/generic/oberdiek/ltxcmds.sty
Package: ltxcmds 2011/11/09 v1.22 LaTeX kernel commands for general use (HO)
)
\Gread@gobject=\count88
))
\Gin@req@height=\dimen103
\Gin@req@width=\dimen104
)
(/usr/share/texlive/texmf-dist/tex/latex/graphics/color.sty
Package: color 2005/11/14 v1.0j Standard LaTeX Color (DPC)

(/usr/share/texlive/texmf-dist/tex/latex/latexconfig/color.cfg
File: color.cfg 2007/01/18 v1.5 color configuration of teTeX/TeXLive
)
Package color Info: Driver file: pdftex.def on input line 130.
)
(/usr/share/texlive/texmf-dist/tex/latex/tools/calc.sty
Package: calc 2007/08/22 v4.3 Infix arithmetic (KKT,FJ)
\calc@Acount=\count89
\calc@Bcount=\count90
\calc@Adimen=\dimen105
\calc@Bdimen=\dimen106
\calc@Askip=\skip43
\calc@Bskip=\skip44
LaTeX Info: Redefining \setlength on input line 76.
LaTeX Info: Redefining \addtolength on input line 77.
\calc@Ccount=\count91
\calc@Cskip=\skip45
) (./comment.sty
\CommentStream=\write3

Excluding comment 'comment')
\c@panel=\count92
\c@driver=\count93
\c@scheme=\count94

(/usr/share/texlive/texmf-dist/tex/latex/amsfonts/amssymb.sty
Package: amssymb 2013/01/14 v3.01 AMS font symbols

(/usr/share/texlive/texmf-dist/tex/latex/amsfonts/amsfonts.sty
Package: amsfonts 2013/01/14 v3.01 Basic AMSFonts support
\@emptytoks=\toks15
\symAMSa=\mathgroup4
\symAMSb=\mathgroup5
LaTeX Font Info:    Overwriting math alphabet `\mathfrak' in version `bold'
(Font)                  U/euf/m/n --> U/euf/b/n on input line 106.
))
(/usr/share/texlive/texmf-dist/tex/latex/hyperref/hyperref.sty
Package: hyperref 2012/11/06 v6.83m Hypertext links for LaTeX

(/usr/share/texlive/texmf-dist/tex/generic/oberdiek/hobsub-hyperref.sty
Package: hobsub-hyperref 2012/05/28 v1.13 Bundle oberdiek, subset hyperref (HO)


(/usr/share/texlive/texmf-dist/tex/generic/oberdiek/hobsub-generic.sty
Package: hobsub-generic 2012/05/28 v1.13 Bundle oberdiek, subset generic (HO)
Package: hobsub 2012/05/28 v1.13 Construct package bundles (HO)
Package hobsub Info: Skipping package `infwarerr' (already loaded).
Package hobsub Info: Skipping package `ltxcmds' (already loaded).
Package: ifluatex 2010/03/01 v1.3 Provides the ifluatex switch (HO)
Package ifluatex Info: LuaTeX not detected.
Package: ifvtex 2010/03/01 v1.5 Detect VTeX and its facilities (HO)
Package ifvtex Info: VTeX not detected.
Package: intcalc 2007/09/27 v1.1 Expandable calculations with integers (HO)
Package: ifpdf 2011/01/30 v2.3 Provides the ifpdf switch (HO)
Package ifpdf Info: pdfTeX in PDF mode is detected.
Package: etexcmds 2011/02/16 v1.5 Avoid name clashes with e-TeX commands (HO)
Package etexcmds Info: Could not find \expanded.
(etexcmds)             That can mean that you are not using pdfTeX 1.50 or
(etexcmds)             that some package has redefined \expanded.
(etexcmds)             In the latter case, load this package earlier.
Package: kvsetkeys 2012/04/25 v1.16 Key value parser (HO)
Package: kvdefinekeys 2011/04/07 v1.3 Define keys (HO)
Package: pdftexcmds 2011/11/29 v0.20 Utility functions of pdfTeX for LuaTeX (HO
)
Package pdftexcmds Info: LuaTeX not detected.
Package pdftexcmds Info: \pdf@primitive is available.
Package pdftexcmds Info: \pdf@ifprimitive is available.
Package pdftexcmds Info: \pdfdraftmode found.
Package: pdfescape 2011/11/25 v1.13 Implements pdfTeX's escape features (HO)
Package: bigintcalc 2012/04/08 v1.3 Expandable calculations on big integers (HO
)
Package: bitset 2011/01/30 v1.1 Handle bit-vector datatype (HO)
Package: uniquecounter 2011/01/30 v1.2 Provide unlimited unique counter (HO)
)
Package hobsub Info: Skipping package `hobsub' (already loaded).
Package: letltxmacro 2010/09/02 v1.4 Let assignment for LaTeX macros (HO)
Package: hopatch 2012/05/28 v1.2 Wrapper for package hooks (HO)
Package: xcolor-patch 2011/01/30 xcolor patch
Package: atveryend 2011/06/30 v1.8 Hooks at the very end of document (HO)
Package atveryend Info: \enddocument detected (standard20110627).
Package: atbegshi 2011/10/05 v1.16 At begin shipout hook (HO)
Package: refcount 2011/10/16 v3.4 Data extraction from label references (HO)
Package: hycolor 2011/01/30 v1.7 Color options for hyperref/bookmark (HO)
)
(/usr/share/texlive/texmf-dist/tex/generic/ifxetex/ifxetex.sty
Package: ifxetex 2010/09/12 v0.6 Provides ifxetex conditional
)
(/usr/share/texlive/texmf-dist/tex/latex/oberdiek/auxhook.sty
Package: auxhook 2011/03/04 v1.3 Hooks for auxiliary files (HO)
)
(/usr/share/texlive/texmf-dist/tex/latex/oberdiek/kvoptions.sty
Package: kvoptions 2011/06/30 v3.11 Key value format for package options (HO)
)
\@linkdim=\dimen107
\Hy@linkcounter=\count95
\Hy@pagecounter=\count96

(/usr/share/texlive/texmf-dist/tex/latex/hyperref/pd1enc.def
File: pd1enc.def 2012/11/06 v6.83m Hyperref: PDFDocEncoding definition (HO)
)
\Hy@SavedSpaceFactor=\count97

(/usr/share/texlive/texmf-dist/tex/latex/latexconfig/hyperref.cfg
File: hyperref.cfg 2002/06/06 v1.2 hyperref configuration of TeXLive
)
Package hyperref Info: Option `bookmarksopen' set `true' on input line 4319.
Package hyperref Info: Option `colorlinks' set `true' on input line 4319.
Package hyperref Info: Hyper figures OFF on input line 4443.
Package hyperref Info: Link nesting OFF on input line 4448.
Package hyperref Info: Hyper index ON on input line 4451.
Package hyperref Info: Plain pages OFF on input line 4458.
Package hyperref Info: Backreferencing OFF on input line 4463.
Package hyperref Info: Implicit mode ON; LaTeX internals redefined.
Package hyperref Info: Bookmarks ON on input line 4688.
\c@Hy@tempcnt=\count98

(/usr/share/texlive/texmf-dist/tex/latex/url/url.sty
\Urlmuskip=\muskip10
Package: url 2013/09/16  ver 3.4  Verb mode for urls, etc.
)
LaTeX Info: Redefining \url on input line 5041.
\XeTeXLinkMargin=\dimen108
\Fld@menulength=\count99
\Field@Width=\dimen109
\Fld@charsize=\dimen110
Package hyperref Info: Hyper figures OFF on input line 6295.
Package hyperref Info: Link nesting OFF on input line 6300.
Package hyperref Info: Hyper index ON on input line 6303.
Package hyperref Info: backreferencing OFF on input line 6310.
Package hyperref Info: Link coloring ON on input line 6313.
Package hyperref Info: Link coloring with OCG OFF on input line 6320.
Package hyperref Info: PDF/A mode OFF on input line 6325.
LaTeX Info: Redefining \ref on input line 6365.
LaTeX Info: Redefining \pageref on input line 6369.
\Hy@abspage=\count100
\c@Item=\count101
\c@Hfootnote=\count102
)

Package hyperref Message: Driver: hpdftex.

(/usr/share/texlive/texmf-dist/tex/latex/hyperref/hpdftex.def
File: hpdftex.def 2012/11/06 v6.83m Hyperref driver for pdfTeX
\Fld@listcount=\count103
\c@bookmark@seq@number=\count104

(/usr/share/texlive/texmf-dist/tex/latex/oberdiek/rerunfilecheck.sty
Package: rerunfilecheck 2011/04/15 v1.7 Rerun checks for auxiliary files (HO)
Package uniquecounter Info: New unique counter `rerunfilecheck' on input line 2
82.
)
\Hy@SectionHShift=\skip46
)
Include comment 'print' Excluding comment 'screen' (./fancybox.sty
Style option: `fancybox' v1.0 <93/02/10> (tvz)
\@fancybox=\box26
\shadowsize=\dimen111
\@Sbox=\box27
\do@VerbBox=\toks16
\the@fancyput=\toks17
\this@fancyput=\toks18
\EndVerbatimTokens=\toks19
\Verbatim@Outfile=\write4
\Verbatim@Infile=\read1
)
\@PDFmpht=\dimen112
\c@slide=\count105
\c@slideoverlay=\count106
) (./lipsum.sty
Package: lipsum 2011/04/14 v1.2 150 paragraphs of Lorem Ipsum dummy text
\c@lips@count=\count107
) (./titletoc.sty
Package: titletoc 2011/12/15 v1.6 TOC entries
\ttl@leftsep=\dimen113
)
(/home/amarjeet/texmf/tex/generic/sagetex/sagetex.sty
Package: sagetex 2012/01/16 v2.3.3-69dcb0eb93de embedding Sage into LaTeX docum
ents

(/usr/share/texlive/texmf-dist/tex/latex/tools/verbatim.sty
Package: verbatim 2003/08/22 v1.5q LaTeX2e package for verbatim enhancements
\every@verbatim=\toks20
\verbatim@line=\toks21
\verbatim@in@stream=\read2
)
(/usr/share/texlive/texmf-dist/tex/latex/fancyvrb/fancyvrb.sty
Package: fancyvrb 2008/02/07

Style option: `fancyvrb' v2.7a, with DG/SPQR fixes, and firstline=lastline fix 
<2008/02/07> (tvz)
\FV@CodeLineNo=\count108
\FV@InFile=\read3
\FV@TabBox=\box28
\c@FancyVerbLine=\count109
\FV@StepNumber=\count110
\FV@OutFile=\write5
)
(/usr/share/texlive/texmf-dist/tex/latex/listings/listings.sty
\lst@mode=\count111
\lst@gtempboxa=\box29
\lst@token=\toks22
\lst@length=\count112
\lst@currlwidth=\dimen114
\lst@column=\count113
\lst@pos=\count114
\lst@lostspace=\dimen115
\lst@width=\dimen116
\lst@newlines=\count115
\lst@lineno=\count116
\lst@maxwidth=\dimen117

(/usr/share/texlive/texmf-dist/tex/latex/listings/lstmisc.sty
File: lstmisc.sty 2013/08/26 1.5b (Carsten Heinz)
\c@lstnumber=\count117
\lst@skipnumbers=\count118
\lst@framebox=\box30
)
(/usr/share/texlive/texmf-dist/tex/latex/listings/listings.cfg
File: listings.cfg 2013/08/26 1.5b listings configuration
))
Package: listings 2013/08/26 1.5b (Carsten Heinz)

(./makecmds.sty
Package: makecmds 2009/09/03 v1.0a extra command making commands
) (/usr/share/texlive/texmf-dist/tex/latex/base/ifthen.sty
Package: ifthen 2001/05/26 v1.1c Standard LaTeX ifthen package (DPC)
)
\c@ST@inline=\count119
\c@ST@plot=\count120
\c@ST@cmdline=\count121
\sagetexindent=\skip47

(./report.sagetex.sout)
\sagecommandlineskip=\skip48
) (./lastpage.sty
Package: lastpage 1994/06/25 v0.1b LaTeX2e package for refs to last page number
 (JPG)
) (./macro/macro.sty) (./float.sty
Package: float 1999/05/29 v1.2d Float enhancements (AL)
\c@float@type=\count122
\float@box=\box31
\@floatcapt=\box32
)
(/usr/share/texlive/texmf-dist/tex/latex/fancyhdr/fancyhdr.sty
\fancy@headwidth=\skip49
\f@ncyO@elh=\skip50
\f@ncyO@erh=\skip51
\f@ncyO@olh=\skip52
\f@ncyO@orh=\skip53
\f@ncyO@elf=\skip54
\f@ncyO@erf=\skip55
\f@ncyO@olf=\skip56
\f@ncyO@orf=\skip57
) (./fncychap.sty
Package: fncychap 2007/07/30 v1.34 LaTeX package (Revised chapters)
\RW=\skip58
\mylen=\skip59
\myhi=\skip60
\px=\skip61
\py=\skip62
\pyy=\skip63
\pxx=\skip64
\backskip=\skip65
) (/usr/share/texlive/texmf-dist/tex/latex/geometry/geometry.sty
Package: geometry 2010/09/12 v5.6 Page Geometry
\Gm@cnth=\count123
\Gm@cntv=\count124
\c@Gm@tempcnt=\count125
\Gm@bindingoffset=\dimen118
\Gm@wd@mp=\dimen119
\Gm@odd@mp=\dimen120
\Gm@even@mp=\dimen121
\Gm@layoutwidth=\dimen122
\Gm@layoutheight=\dimen123
\Gm@layouthoffset=\dimen124
\Gm@layoutvoffset=\dimen125
\Gm@dimlist=\toks23
)
Excluding 'screen' comment. (./report.aux

LaTeX Warning: Label `' multiply defined.


LaTeX Warning: Label `' multiply defined.


LaTeX Warning: Label `' multiply defined.


LaTeX Warning: Label `' multiply defined.


LaTeX Warning: Label `' multiply defined.


LaTeX Warning: Label `' multiply defined.

)
\openout1 = `report.aux'.

LaTeX Font Info:    Checking defaults for OML/cmm/m/it on input line 31.
LaTeX Font Info:    ... okay on input line 31.
LaTeX Font Info:    Checking defaults for T1/cmr/m/n on input line 31.
LaTeX Font Info:    ... okay on input line 31.
LaTeX Font Info:    Checking defaults for OT1/cmr/m/n on input line 31.
LaTeX Font Info:    ... okay on input line 31.
LaTeX Font Info:    Checking defaults for OMS/cmsy/m/n on input line 31.
LaTeX Font Info:    ... okay on input line 31.
LaTeX Font Info:    Checking defaults for OMX/cmex/m/n on input line 31.
LaTeX Font Info:    ... okay on input line 31.
LaTeX Font Info:    Checking defaults for U/cmr/m/n on input line 31.
LaTeX Font Info:    ... okay on input line 31.
LaTeX Font Info:    Checking defaults for PD1/pdf/m/n on input line 31.
LaTeX Font Info:    ... okay on input line 31.
 (/usr/share/texlive/texmf-dist/tex/context/base/supp-pdf.mkii
[Loading MPS to PDF converter (version 2006.09.02).]
\scratchcounter=\count126
\scratchdimen=\dimen126
\scratchbox=\box33
\nofMPsegments=\count127
\nofMParguments=\count128
\everyMPshowfont=\toks24
\MPscratchCnt=\count129
\MPscratchDim=\dimen127
\MPnumerator=\count130
\makeMPintoPDFobject=\count131
\everyMPtoPDFconversion=\toks25
) (/usr/share/texlive/texmf-dist/tex/latex/oberdiek/epstopdf-base.sty
Package: epstopdf-base 2010/02/09 v2.5 Base part for package epstopdf

(/usr/share/texlive/texmf-dist/tex/latex/oberdiek/grfext.sty
Package: grfext 2010/08/19 v1.1 Manage graphics extensions (HO)
)
Package grfext Info: Graphics extension search list:
(grfext)             [.png,.pdf,.jpg,.mps,.jpeg,.jbig2,.jb2,.PNG,.PDF,.JPG,.JPE
G,.JBIG2,.JB2,.eps]
(grfext)             \AppendGraphicsExtensions on input line 452.

(/usr/share/texlive/texmf-dist/tex/latex/latexconfig/epstopdf-sys.cfg
File: epstopdf-sys.cfg 2010/07/13 v1.3 Configuration of (r)epstopdf for TeX Liv
e
))
\AtBeginShipoutBox=\box34
Package hyperref Info: Link coloring ON on input line 31.

(/usr/share/texlive/texmf-dist/tex/latex/hyperref/nameref.sty
Package: nameref 2012/10/27 v2.43 Cross-referencing by name of section

(/usr/share/texlive/texmf-dist/tex/generic/oberdiek/gettitlestring.sty
Package: gettitlestring 2010/12/03 v1.4 Cleanup title references (HO)
)
\c@section@level=\count132
)
LaTeX Info: Redefining \ref on input line 31.
LaTeX Info: Redefining \pageref on input line 31.
LaTeX Info: Redefining \nameref on input line 31.

(./report.out) (./report.out)
\@outlinefile=\write6
\openout6 = `report.out'.

\c@lstlisting=\count133
\ST@sf=\write7
\openout7 = `report.sagetex.sage'.


*geometry* driver: auto-detecting
*geometry* detected driver: pdftex
*geometry* verbose mode - [ preamble ] result:
* driver: pdftex
* paper: <default>
* layout: <same size as paper>
* layoutoffset:(h,v)=(0.0pt,0.0pt)
* modes: 
* h-part:(L,W,R)=(71.13188pt, 500.484pt, 42.67912pt)
* v-part:(T,H,B)=(71.13188pt, 681.15898pt, 42.67912pt)
* \paperwidth=614.295pt
* \paperheight=794.96999pt
* \textwidth=500.484pt
* \textheight=681.15898pt
* \oddsidemargin=-1.1381pt
* \evensidemargin=-1.1381pt
* \topmargin=-38.1381pt
* \headheight=12.0pt
* \headsep=25.0pt
* \topskip=12.0pt
* \footskip=30.0pt
* \marginparwidth=44.0pt
* \marginparsep=10.0pt
* \columnsep=10.0pt
* \skip\footins=10.8pt plus 4.0pt minus 2.0pt
* \hoffset=0.0pt
* \voffset=0.0pt
* \mag=1000
* \@twocolumnfalse
* \@twosidefalse
* \@mparswitchfalse
* \@reversemarginfalse
* (1in=72.27pt=25.4mm, 1cm=28.453pt)

(./input/start/titlepage.tex) Excluding 'screen' comment.
<images/gne.png, id=225, 694.595pt x 723.70375pt>
File: images/gne.png Graphic file (type png)
 <use images/gne.png>
Package pdftex.def Info: images/gne.png used on input line 38.
(pdftex.def)             Requested size: 111.13747pt x 115.79495pt.
LaTeX Font Info:    Try loading font information for U+msa on input line 38.

(/usr/share/texlive/texmf-dist/tex/latex/amsfonts/umsa.fd
File: umsa.fd 2013/01/14 v3.01 AMS symbols A
)
LaTeX Font Info:    Try loading font information for U+msb on input line 38.

(/usr/share/texlive/texmf-dist/tex/latex/amsfonts/umsb.fd
File: umsb.fd 2013/01/14 v3.01 AMS symbols B
) [1

{/var/lib/texmf/fonts/map/pdftex/updmap/pdftex.map} <./images/gne.png>]
(./input/start/acknowledgement.tex
Underfull \hbox (badness 10000) in paragraph at lines 5--8

 []


Underfull \hbox (badness 10000) in paragraph at lines 9--11

 []


Underfull \hbox (badness 10000) in paragraph at lines 12--14

 []

)

Package Fancyhdr Warning: \headheight is too small (12.0pt): 
 Make it at least 18.0pt.
 We now make it that large for the rest of the document.
 This may cause the page layout to be inconsistent, however.

[1] (./report.toc [2

])
\tf@toc=\write8
\openout8 = `report.toc'.



Package Fancyhdr Warning: \headheight is too small (12.0pt): 
 Make it at least 18.0pt.
 We now make it that large for the rest of the document.
 This may cause the page layout to be inconsistent, however.

[3] (./report.lof [4

])
\tf@lof=\write9
\openout9 = `report.lof'.



Package Fancyhdr Warning: \headheight is too small (12.0pt): 
 Make it at least 18.0pt.
 We now make it that large for the rest of the document.
 This may cause the page layout to be inconsistent, however.

[5] (./report.lot)
\tf@lot=\write10
\openout10 = `report.lot'.

 [6

]
Chapter 1.
(./input/intr/company.tex <images/gndec.jpg, id=399, 556.0775pt x 470.75874pt>
File: images/gndec.jpg Graphic file (type jpg)

<use images/gndec.jpg>
Package pdftex.def Info: images/gndec.jpg used on input line 3.
(pdftex.def)             Requested size: 278.03807pt x 235.3788pt.

Underfull \hbox (badness 10000) in paragraph at lines 6--12

 []


Underfull \hbox (badness 10000) in paragraph at lines 13--18

 []

pdfTeX warning (ext4): destination with the same identifier (name{page.1}) has 
been already used, duplicate ignored
<to be read again> 
                   \relax 
l.19 T
      he main goal of this institute is:\\ [1

pdfTeX warning (ext4): destination with the same identifier (name{figure.1.1}) 
has been already used, duplicate ignored

\AtBegShi@Output ...ipout \box \AtBeginShipoutBox 
                                                  \fi \fi 
l.19 T
      he main goal of this institute is:\\ <./images/gndec.jpg>]
Underfull \hbox (badness 10000) in paragraph at lines 19--20

 []

LaTeX Font Info:    Try loading font information for OMS+cmr on input line 21.
(/usr/share/texlive/texmf-dist/tex/latex/base/omscmr.fd
File: omscmr.fd 1999/05/25 v2.5h Standard LaTeX font definitions
)
LaTeX Font Info:    Font shape `OMS/cmr/m/n' in size <12> not available
(Font)              Font shape `OMS/cmsy/m/n' tried instead on input line 21.

<images/aw.jpg, id=404, 500.87125pt x 232.87pt>
File: images/aw.jpg Graphic file (type jpg)
 <use images/aw.jpg>
Package pdftex.def Info: images/aw.jpg used on input line 37.
(pdftex.def)             Requested size: 350.60747pt x 163.00787pt.

Underfull \hbox (badness 10000) in paragraph at lines 42--49

 []


Underfull \hbox (badness 10000) in paragraph at lines 50--52

 []


Package Fancyhdr Warning: \headheight is too small (12.0pt): 
 Make it at least 18.0pt.
 We now make it that large for the rest of the document.
 This may cause the page layout to be inconsistent, however.

[2pdfTeX warning (ext4): destination with the same identifier (name{figure.1.2}
) has been already used, duplicate ignored

\AtBegShi@Output ...ipout \box \AtBeginShipoutBox 
                                                  \fi \fi 
l.55 \item L
            arson \& Turbo. <./images/aw.jpg>])

Package Fancyhdr Warning: \headheight is too small (12.0pt): 
 Make it at least 18.0pt.
 We now make it that large for the rest of the document.
 This may cause the page layout to be inconsistent, however.

[3]
Chapter 2.
(./input/intr/intro.tex) (./input/intr/project-preview.tex [4

])
(./input/intr/usR.tex) (./input/intr/req-n-ana.tex

Package Fancyhdr Warning: \headheight is too small (12.0pt): 
 Make it at least 18.0pt.
 We now make it that large for the rest of the document.
 This may cause the page layout to be inconsistent, however.

[5]) (./input/intr/obj.tex)

Package Fancyhdr Warning: \headheight is too small (12.0pt): 
 Make it at least 18.0pt.
 We now make it that large for the rest of the document.
 This may cause the page layout to be inconsistent, however.

[6]
Chapter 3.
(./input/Project/Soft.tex
Missing character: There is no ‚ in font cmr12!
Missing character: There is no Ä in font cmr12!
Missing character: There is no ô in font cmr12!
 [7

]

Package Fancyhdr Warning: \headheight is too small (12.0pt): 
 Make it at least 18.0pt.
 We now make it that large for the rest of the document.
 This may cause the page layout to be inconsistent, however.

[8]) (./input/Project/graphs.tex
<images/DFDS.png, id=492, 845.1575pt x 597.23125pt>
File: images/DFDS.png Graphic file (type png)
 <use images/DFDS.png>
Package pdftex.def Info: images/DFDS.png used on input line 9.
(pdftex.def)             Requested size: 338.057pt x 238.88826pt.

<images/DFDS1.png, id=495, 597.23125pt x 845.1575pt>
File: images/DFDS1.png Graphic file (type png)
 <use images/DFDS1.png>
Package pdftex.def Info: images/DFDS1.png used on input line 20.
(pdftex.def)             Requested size: 328.4782pt x 464.83806pt.


Package Fancyhdr Warning: \headheight is too small (12.0pt): 
 Make it at least 18.0pt.
 We now make it that large for the rest of the document.
 This may cause the page layout to be inconsistent, however.

[9pdfTeX warning (ext4): destination with the same identifier (name{figure.3.1}
) has been already used, duplicate ignored

\AtBegShi@Output ...ipout \box \AtBeginShipoutBox 
                                                  \fi \fi 
l.24 \section
             {UI Flow Diagram} <./images/DFDS.png>]
<images/UI.png, id=510, 845.1575pt x 597.23125pt>
File: images/UI.png Graphic file (type png)
 <use images/UI.png>
Package pdftex.def Info: images/UI.png used on input line 27.
(pdftex.def)             Requested size: 464.83806pt x 328.4782pt.


Package Fancyhdr Warning: \headheight is too small (12.0pt): 
 Make it at least 18.0pt.
 We now make it that large for the rest of the document.
 This may cause the page layout to be inconsistent, however.

[10pdfTeX warning (ext4): destination with the same identifier (name{figure.3.2
}) has been already used, duplicate ignored

\AtBegShi@Output ...ipout \box \AtBeginShipoutBox 
                                                  \fi \fi 
l.31 \section
             {Flowchart} <./images/DFDS1.png>]
<images/flowchart.png, id=523, 1690.315pt x 2392.94pt>
File: images/flowchart.png Graphic file (type png)

<use images/flowchart.png>
Package pdftex.def Info: images/flowchart.png used on input line 50.
(pdftex.def)             Requested size: 456.39116pt x 646.10245pt.


Package Fancyhdr Warning: \headheight is too small (12.0pt): 
 Make it at least 18.0pt.
 We now make it that large for the rest of the document.
 This may cause the page layout to be inconsistent, however.

[11pdfTeX warning (ext4): destination with the same identifier (name{figure.3.3
}) has been already used, duplicate ignored

\AtBegShi@Output ...ipout \box \AtBeginShipoutBox 
                                                  \fi \fi 
l.54 
      <./images/UI.png>]
<images/flowchartm.png, id=536, 1690.315pt x 2392.94pt>
File: images/flowchartm.png Graphic file (type png)

<use images/flowchartm.png>
Package pdftex.def Info: images/flowchartm.png used on input line 56.
(pdftex.def)             Requested size: 456.39116pt x 646.10245pt.


Package Fancyhdr Warning: \headheight is too small (12.0pt): 
 Make it at least 18.0pt.
 We now make it that large for the rest of the document.
 This may cause the page layout to be inconsistent, however.

[12pdfTeX warning (ext4): destination with the same identifier (name{figure.3.4
}) has been already used, duplicate ignored

\AtBegShi@Output ...ipout \box \AtBeginShipoutBox 
                                                  \fi \fi 
l.60 
      <./images/flowchart.png

pdfTeX warning: pdflatex (file ./images/flowchart.png): large interlaced PNG mi
ght cause out of memory (use non-interlaced PNG to fix this)
>] <images/flowchartmatrix.png, id=543, 1690.315pt x 2392.94pt>
File: images/flowchartmatrix.png Graphic file (type png)

<use images/flowchartmatrix.png>
Package pdftex.def Info: images/flowchartmatrix.png used on input line 62.
(pdftex.def)             Requested size: 456.39116pt x 646.10245pt.

<images/flowchartfile.png, id=544, 1690.315pt x 2392.94pt>
File: images/flowchartfile.png Graphic file (type png)

<use images/flowchartfile.png>
Package pdftex.def Info: images/flowchartfile.png used on input line 67.
(pdftex.def)             Requested size: 456.39116pt x 646.10245pt.


Package Fancyhdr Warning: \headheight is too small (12.0pt): 
 Make it at least 18.0pt.
 We now make it that large for the rest of the document.
 This may cause the page layout to be inconsistent, however.

[13pdfTeX warning (ext4): destination with the same identifier (name{figure.3.5
}) has been already used, duplicate ignored

\AtBegShi@Output ...ipout \box \AtBeginShipoutBox 
                                                  \fi \fi 
l.70 \end{figure}
                  <./images/flowchartm.png

pdfTeX warning: pdflatex (file ./images/flowchartm.png): large interlaced PNG m
ight cause out of memory (use non-interlaced PNG to fix this)
>] <images/flowchartpdf.png, id=550, 1690.315pt x 2392.94pt>
File: images/flowchartpdf.png Graphic file (type png)

<use images/flowchartpdf.png>
Package pdftex.def Info: images/flowchartpdf.png used on input line 72.
(pdftex.def)             Requested size: 456.39116pt x 646.10245pt.


Package Fancyhdr Warning: \headheight is too small (12.0pt): 
 Make it at least 18.0pt.
 We now make it that large for the rest of the document.
 This may cause the page layout to be inconsistent, however.

[14pdfTeX warning (ext4): destination with the same identifier (name{figure.3.6
}) has been already used, duplicate ignored

\AtBegShi@Output ...ipout \box \AtBeginShipoutBox 
                                                  \fi \fi 
l.75 \end{figure}
                  <./images/flowchartmatrix.png

pdfTeX warning: pdflatex (file ./images/flowchartmatrix.png): large interlaced 
PNG might cause out of memory (use non-interlaced PNG to fix this)
>]

Package Fancyhdr Warning: \headheight is too small (12.0pt): 
 Make it at least 18.0pt.
 We now make it that large for the rest of the document.
 This may cause the page layout to be inconsistent, however.

[15pdfTeX warning (ext4): destination with the same identifier (name{figure.3.7
}) has been already used, duplicate ignored

\AtBegShi@Output ...ipout \box \AtBeginShipoutBox 
                                                  \fi \fi 
l.76 
      <./images/flowchartfile.png

pdfTeX warning: pdflatex (file ./images/flowchartfile.png): large interlaced PN
G might cause out of memory (use non-interlaced PNG to fix this)
>]) (./input/Project/dep.tex

Package Fancyhdr Warning: \headheight is too small (12.0pt): 
 Make it at least 18.0pt.
 We now make it that large for the rest of the document.
 This may cause the page layout to be inconsistent, however.

[16pdfTeX warning (ext4): destination with the same identifier (name{figure.3.8
}) has been already used, duplicate ignored

\AtBegShi@Output ...ipout \box \AtBeginShipoutBox 
                                                  \fi \fi 
l.6 \item P
           rogramming language: Python 2.7 <./images/flowchartpdf.png

pdfTeX warning: pdflatex (file ./images/flowchartpdf.png): large interlaced PNG
 might cause out of memory (use non-interlaced PNG to fix this)
>])

Package Fancyhdr Warning: \headheight is too small (12.0pt): 
 Make it at least 18.0pt.
 We now make it that large for the rest of the document.
 This may cause the page layout to be inconsistent, however.

[17]
Chapter 4.
(./input/tech/python-intro.tex
<images/python.jpg, id=574, 702.625pt x 175.65625pt>
File: images/python.jpg Graphic file (type jpg)
 <use images/python.jpg>
Package pdftex.def Info: images/python.jpg used on input line 2.
(pdftex.def)             Requested size: 210.78912pt x 52.69727pt.

[18

pdfTeX warning (ext4): destination with the same identifier (name{figure.4.1}) 
has been already used, duplicate ignored

\AtBegShi@Output ...ipout \box \AtBeginShipoutBox 
                                                  \fi \fi 
l.27 \item E
            mbeddable within applications as a scripting interface. <./images/p
ython.jpg>]
Underfull \hbox (badness 10000) in paragraph at lines 30--33

 []


Underfull \hbox (badness 10000) in paragraph at lines 34--35

 []


Underfull \hbox (badness 10000) in paragraph at lines 37--38

 []

) (./input/tech/frontend.tex <images/HTML.png, id=581, 2007.5pt x 2007.5pt>
File: images/HTML.png Graphic file (type png)

<use images/HTML.png>
Package pdftex.def Info: images/HTML.png used on input line 6.
(pdftex.def)             Requested size: 100.38087pt x 100.38087pt.


Package Fancyhdr Warning: \headheight is too small (12.0pt): 
 Make it at least 18.0pt.
 We now make it that large for the rest of the document.
 This may cause the page layout to be inconsistent, however.

[19pdfTeX warning (ext4): destination with the same identifier (name{figure.4.2
}) has been already used, duplicate ignored

\AtBegShi@Output ...ipout \box \AtBeginShipoutBox 
                                                  \fi \fi 
l.14 \begin{verbatim}
                      <./images/HTML.png>]
<images/CSS.jpg, id=591, 281.05pt x 250.9375pt>
File: images/CSS.jpg Graphic file (type jpg)
 <use images/CSS.jpg>
Package pdftex.def Info: images/CSS.jpg used on input line 31.
(pdftex.def)             Requested size: 140.52464pt x 125.46843pt.


Package Fancyhdr Warning: \headheight is too small (12.0pt): 
 Make it at least 18.0pt.
 We now make it that large for the rest of the document.
 This may cause the page layout to be inconsistent, however.

[20pdfTeX warning (ext4): destination with the same identifier (name{figure.4.3
}) has been already used, duplicate ignored

\AtBegShi@Output ...ipout \box \AtBeginShipoutBox 
                                                  \fi \fi 
l.43 }
       <./images/CSS.jpg>] <images/JS.png, id=597, 451.6875pt x 451.6875pt>
File: images/JS.png Graphic file (type png)

<use images/JS.png>
Package pdftex.def Info: images/JS.png used on input line 48.
(pdftex.def)             Requested size: 135.5073pt x 135.5073pt.
Missing character: There is no À in font cmr12!
Missing character: There is no à in font cmr12!
Missing character: There is no   in font cmr12!
Missing character: There is no í in font cmr12!
Missing character: There is no … in font cmr12!
Missing character: There is no ë in font cmr12!
Missing character: There is no À in font cmr12!
Missing character: There is no ê in font cmr12!
Missing character: There is no … in font cmr12!
Missing character: There is no ô in font cmr12!
Missing character: There is no À in font cmr12!
Missing character: There is no å in font cmr12!
Missing character: There is no … in font cmr12!
Missing character: There is no ™ in font cmr12!
 <images/boot.png, id=598, 599.23875pt x 601.24625pt>
File: images/boot.png Graphic file (type png)

<use images/boot.png>
Package pdftex.def Info: images/boot.png used on input line 55.
(pdftex.def)             Requested size: 119.84563pt x 120.24712pt.
) (./input/tech/shell.tex

Package Fancyhdr Warning: \headheight is too small (12.0pt): 
 Make it at least 18.0pt.
 We now make it that large for the rest of the document.
 This may cause the page layout to be inconsistent, however.

[21pdfTeX warning (ext4): destination with the same identifier (name{figure.4.4
}) has been already used, duplicate ignored

\AtBegShi@Output ...ipout \box \AtBeginShipoutBox 
                                                  \fi \fi 
l.5 \begin{enumerate}
                     pdfTeX warning (ext4): destination with the same identifie
r (name{figure.4.5}) has been already used, duplicate ignored

\AtBegShi@Output ...ipout \box \AtBeginShipoutBox 
                                                  \fi \fi 
l.5 \begin{enumerate}
                      <./images/JS.png> <./images/boot.png>])
(./input/tech/latex.tex
Missing character: There is no À in font cmr12!
Missing character: There is no à in font cmr12!
Missing character: There is no … in font cmr12!
Missing character: There is no ™ in font cmr12!
Missing character: There is no … in font cmr12!
Missing character: There is no õ in font cmr12!
Missing character: There is no À in font cmr12!
Missing character: There is no à in font cmr12!
Missing character: There is no … in font cmr12!
Missing character: There is no ™ in font cmr12!
Missing character: There is no … in font cmr12!
Missing character: There is no õ in font cmr12!
Missing character: There is no À in font cmr12!
Missing character: There is no à in font cmr12!
Missing character: There is no … in font cmr12!
Missing character: There is no ë in font cmr12!
Missing character: There is no À in font cmr12!
Missing character: There is no ê in font cmr12!
Missing character: There is no … in font cmr12!
Missing character: There is no õ in font cmr12!
Missing character: There is no À in font cmr12!
Missing character: There is no à in font cmr12!
Missing character: There is no … in font cmr12!
Missing character: There is no ë in font cmr12!
Missing character: There is no À in font cmr12!
Missing character: There is no ê in font cmr12!
Missing character: There is no … in font cmr12!
Missing character: There is no õ in font cmr12!
 <images/donald.png, id=605, 170.88844pt x 237.13594pt>
File: images/donald.png Graphic file (type png)

<use images/donald.png>
Package pdftex.def Info: images/donald.png used on input line 11.
(pdftex.def)             Requested size: 153.79816pt x 213.42035pt.


Package Fancyhdr Warning: \headheight is too small (12.0pt): 
 Make it at least 18.0pt.
 We now make it that large for the rest of the document.
 This may cause the page layout to be inconsistent, however.

[22pdfTeX warning (ext4): destination with the same identifier (name{figure.4.6
}) has been already used, duplicate ignored

\AtBegShi@Output ...ipout \box \AtBeginShipoutBox 
                                                  \fi \fi 
l.19 
      <./images/donald.png>]) (./input/tech/django-intro.tex
<images/django.png, id=615, 1204.5pt x 419.5675pt>
File: images/django.png Graphic file (type png)
 <use images/django.png>
Package pdftex.def Info: images/django.png used on input line 2.
(pdftex.def)             Requested size: 156.5905pt x 54.54568pt.


Package Fancyhdr Warning: \headheight is too small (12.0pt): 
 Make it at least 18.0pt.
 We now make it that large for the rest of the document.
 This may cause the page layout to be inconsistent, however.

[23pdfTeX warning (ext4): destination with the same identifier (name{figure.4.7
}) has been already used, duplicate ignored

\AtBegShi@Output ...ipout \box \AtBeginShipoutBox 
                                                  \fi \fi 
l.15 
      <./images/django.png>]
Missing character: There is no ‚ in font cmr12!
Missing character: There is no Ä in font cmr12!
Missing character: There is no ô in font cmr12!
Missing character: There is no ‚ in font cmr12!
Missing character: There is no Ä in font cmr12!
Missing character: There is no ô in font cmr12!

Underfull \hbox (badness 10000) in paragraph at lines 38--40

 []


Underfull \hbox (badness 10000) in paragraph at lines 41--42

 []


Underfull \hbox (badness 10000) in paragraph at lines 44--45

 []


Underfull \hbox (badness 10000) in paragraph at lines 47--48

 []


Underfull \hbox (badness 10000) in paragraph at lines 50--51

 []


Package Fancyhdr Warning: \headheight is too small (12.0pt): 
 Make it at least 18.0pt.
 We now make it that large for the rest of the document.
 This may cause the page layout to be inconsistent, however.

[24]
Underfull \hbox (badness 10000) in paragraph at lines 84--90

 []


Underfull \hbox (badness 10000) in paragraph at lines 91--92

 []


Underfull \hbox (badness 10000) in paragraph at lines 97--99

 []


Underfull \hbox (badness 10000) in paragraph at lines 100--101

 []


Underfull \hbox (badness 10000) in paragraph at lines 102--103

 []

<images/out.png, id=625, 568.1225pt x 217.81375pt>
File: images/out.png Graphic file (type png)
 <use images/out.png>
Package pdftex.def Info: images/out.png used on input line 105.
(pdftex.def)             Requested size: 284.06055pt x 108.9066pt.


LaTeX Warning: `h' float specifier changed to `ht'.


Package Fancyhdr Warning: \headheight is too small (12.0pt): 
 Make it at least 18.0pt.
 We now make it that large for the rest of the document.
 This may cause the page layout to be inconsistent, however.

[25]

Package Fancyhdr Warning: \headheight is too small (12.0pt): 
 Make it at least 18.0pt.
 We now make it that large for the rest of the document.
 This may cause the page layout to be inconsistent, however.

[26pdfTeX warning (ext4): destination with the same identifier (name{figure.4.8
}) has been already used, duplicate ignored

\AtBegShi@Output ...ipout \box \AtBeginShipoutBox 
                                                  \fi \fi 
l.156 \item d
             jango.contrib.staticfiles -- A framework for managing static <./im
ages/out.png>]
Underfull \hbox (badness 10000) in paragraph at lines 163--166

 []


Underfull \hbox (badness 10000) in paragraph at lines 167--168

 []

) (./input/tech/doxygen.tex <images/doxygen.jpg, id=634, 208.78pt x 40.15pt>
File: images/doxygen.jpg Graphic file (type jpg)

<use images/doxygen.jpg>
Package pdftex.def Info: images/doxygen.jpg used on input line 2.
(pdftex.def)             Requested size: 208.77946pt x 40.14989pt.

Underfull \hbox (badness 10000) in paragraph at lines 11--15

 []


Package Fancyhdr Warning: \headheight is too small (12.0pt): 
 Make it at least 18.0pt.
 We now make it that large for the rest of the document.
 This may cause the page layout to be inconsistent, however.

[27pdfTeX warning (ext4): destination with the same identifier (name{figure.4.9
}) has been already used, duplicate ignored

\AtBegShi@Output ...ipout \box \AtBeginShipoutBox 
                                                  \fi \fi 
l.32 \item C
            an cope with large projects easily. <./images/doxygen.jpg>]
Underfull \hbox (badness 10000) in paragraph at lines 35--36

 []

<images/doc.png, id=639, 1371.1225pt x 770.88pt>
File: images/doc.png Graphic file (type png)
 <use images/doc.png>
Package pdftex.def Info: images/doc.png used on input line 46.
(pdftex.def)             Requested size: 479.90007pt x 269.81204pt.

<images/doc1.png, id=640, 1371.1225pt x 770.88pt>
File: images/doc1.png Graphic file (type png)
 <use images/doc1.png>
Package pdftex.def Info: images/doc1.png used on input line 52.
(pdftex.def)             Requested size: 479.90007pt x 269.81204pt.

<images/doc2.png, id=641, 1371.1225pt x 770.88pt>
File: images/doc2.png Graphic file (type png)
 <use images/doc2.png>
Package pdftex.def Info: images/doc2.png used on input line 56.
(pdftex.def)             Requested size: 479.90007pt x 269.81204pt.


Package Fancyhdr Warning: \headheight is too small (12.0pt): 
 Make it at least 18.0pt.
 We now make it that large for the rest of the document.
 This may cause the page layout to be inconsistent, however.

[28pdfTeX warning (ext4): destination with the same identifier (name{figure.4.1
0}) has been already used, duplicate ignored

\AtBegShi@Output ...ipout \box \AtBeginShipoutBox 
                                                  \fi \fi 
l.58 \end{figure}
                  <./images/doc.png>]) (./input/tech/git.tex
<images/github.jpg, id=646, 401.5pt x 301.125pt>
File: images/github.jpg Graphic file (type jpg)
 <use images/github.jpg>
Package pdftex.def Info: images/github.jpg used on input line 5.
(pdftex.def)             Requested size: 150.14671pt x 112.61374pt.

Underfull \hbox (badness 10000) in paragraph at lines 9--11

 []


Package Fancyhdr Warning: \headheight is too small (12.0pt): 
 Make it at least 18.0pt.
 We now make it that large for the rest of the document.
 This may cause the page layout to be inconsistent, however.

[29pdfTeX warning (ext4): destination with the same identifier (name{figure.4.1
1}) has been already used, duplicate ignored

\AtBegShi@Output ...ipout \box \AtBeginShipoutBox 
                                                  \fi \fi 
l.11 
     pdfTeX warning (ext4): destination with the same identifier (name{figure.4
.12}) has been already used, duplicate ignored

\AtBegShi@Output ...ipout \box \AtBeginShipoutBox 
                                                  \fi \fi 
l.11 
      <./images/doc1.png> <./images/doc2.png>]
Underfull \hbox (badness 10000) in paragraph at lines 12--13

 []


Underfull \hbox (badness 10000) in paragraph at lines 14--15

 []


Underfull \hbox (badness 10000) in paragraph at lines 16--23

 []


Underfull \hbox (badness 10000) in paragraph at lines 16--23

 []


Package Fancyhdr Warning: \headheight is too small (12.0pt): 
 Make it at least 18.0pt.
 We now make it that large for the rest of the document.
 This may cause the page layout to be inconsistent, however.

[30pdfTeX warning (ext4): destination with the same identifier (name{figure.4.1
3}) has been already used, duplicate ignored

\AtBegShi@Output ...ipout \box \AtBeginShipoutBox 
                                                  \fi \fi 
l.35 \item D
            isposable Experimentation.\\  Create a branch to experiment in, <./
images/github.jpg>]
Missing character: There is no ‚ in font cmr12!
Missing character: There is no Ä in font cmr12!
Missing character: There is no î in font cmr12!

Underfull \hbox (badness 10000) in paragraph at lines 40--49

 []

<images/git.jpg, id=656, 219.95218pt x 219.95218pt>
File: images/git.jpg Graphic file (type jpg)
 <use images/git.jpg>
Package pdftex.def Info: images/git.jpg used on input line 53.
(pdftex.def)             Requested size: 150.14671pt x 150.15617pt.

Underfull \hbox (badness 10000) in paragraph at lines 57--58

 []

Missing character: There is no ‚ in font cmr12!
Missing character: There is no Ä in font cmr12!
Missing character: There is no ì in font cmr12!

Underfull \hbox (badness 10000) in paragraph at lines 59--60

 []


Underfull \hbox (badness 10000) in paragraph at lines 61--62

 []


Underfull \hbox (badness 10000) in paragraph at lines 65--72

 []


Underfull \hbox (badness 10000) in paragraph at lines 65--72

 []


Underfull \hbox (badness 10000) in paragraph at lines 65--72

 []


Package Fancyhdr Warning: \headheight is too small (12.0pt): 
 Make it at least 18.0pt.
 We now make it that large for the rest of the document.
 This may cause the page layout to be inconsistent, however.

[31pdfTeX warning (ext4): destination with the same identifier (name{figure.4.1
4}) has been already used, duplicate ignored

\AtBegShi@Output ...ipout \box \AtBeginShipoutBox 
                                                  \fi \fi 
l.72 
      <./images/git.jpg>]
Underfull \hbox (badness 10000) in paragraph at lines 75--76

 []


Underfull \hbox (badness 10000) in paragraph at lines 84--86

 []


Underfull \hbox (badness 10000) in paragraph at lines 107--109

 []


Package Fancyhdr Warning: \headheight is too small (12.0pt): 
 Make it at least 18.0pt.
 We now make it that large for the rest of the document.
 This may cause the page layout to be inconsistent, however.

[32]
Missing character: There is no ‚ in font cmr12!
Missing character: There is no Ä in font cmr12!
Missing character: There is no ô in font cmr12!

Underfull \hbox (badness 10000) in paragraph at lines 130--132

 []


Underfull \hbox (badness 10000) in paragraph at lines 150--152

 []

Missing character: There is no ‚ in font cmr12!
Missing character: There is no Ä in font cmr12!
Missing character: There is no ô in font cmr12!
) (./input/tech/sage.tex <images/sage.png, id=666, 400.77pt x 106.7625pt>
File: images/sage.png Graphic file (type png)

<use images/sage.png>
Package pdftex.def Info: images/sage.png used on input line 5.
(pdftex.def)             Requested size: 350.33727pt x 93.3306pt.


Package Fancyhdr Warning: \headheight is too small (12.0pt): 
 Make it at least 18.0pt.
 We now make it that large for the rest of the document.
 This may cause the page layout to be inconsistent, however.

[33]

Package Fancyhdr Warning: \headheight is too small (12.0pt): 
 Make it at least 18.0pt.
 We now make it that large for the rest of the document.
 This may cause the page layout to be inconsistent, however.

[34pdfTeX warning (ext4): destination with the same identifier (name{figure.4.1
5}) has been already used, duplicate ignored

\AtBegShi@Output ...ipout \box \AtBeginShipoutBox 
                                                  \fi \fi 
l.37 \item S
            upport for complex numbers, arbitrary precision and symbolic com...
 <./images/sage.png>]) (./input/tech/implementation.tex

Package Fancyhdr Warning: \headheight is too small (12.0pt): 
 Make it at least 18.0pt.
 We now make it that large for the rest of the document.
 This may cause the page layout to be inconsistent, however.

[35]
Overfull \hbox (3.66498pt too wide) in paragraph at lines 24--26
\OT1/cmr/m/n/12 During fi-nal phase, we doc-u-mented the project( de-vel-op-ers
 doc-u-men-ta-tion and README.md)
 []

<images/output/1.png, id=680, 1371.1225pt x 770.88pt>
File: images/output/1.png Graphic file (type png)

<use images/output/1.png>
Package pdftex.def Info: images/output/1.png used on input line 29.
(pdftex.def)             Requested size: 438.76816pt x 246.68665pt.


Package Fancyhdr Warning: \headheight is too small (12.0pt): 
 Make it at least 18.0pt.
 We now make it that large for the rest of the document.
 This may cause the page layout to be inconsistent, however.

[36] <images/output/5.png, id=689, 722.7pt x 1284.8pt>
File: images/output/5.png Graphic file (type png)

<use images/output/5.png>
Package pdftex.def Info: images/output/5.png used on input line 42.
(pdftex.def)             Requested size: 231.26872pt x 411.14441pt.


Package Fancyhdr Warning: \headheight is too small (12.0pt): 
 Make it at least 18.0pt.
 We now make it that large for the rest of the document.
 This may cause the page layout to be inconsistent, however.

[37pdfTeX warning (ext4): destination with the same identifier (name{figure.4.1
6}) has been already used, duplicate ignored

\AtBegShi@Output ...ipout \box \AtBeginShipoutBox 
                                                  \fi \fi 
l.46 
      <./images/output/1.png>]
<images/output/2.png, id=695, 1371.1225pt x 770.88pt>
File: images/output/2.png Graphic file (type png)

<use images/output/2.png>
Package pdftex.def Info: images/output/2.png used on input line 53.
(pdftex.def)             Requested size: 438.76816pt x 246.68665pt.


Package Fancyhdr Warning: \headheight is too small (12.0pt): 
 Make it at least 18.0pt.
 We now make it that large for the rest of the document.
 This may cause the page layout to be inconsistent, however.

[38pdfTeX warning (ext4): destination with the same identifier (name{figure.4.1
7}) has been already used, duplicate ignored

\AtBegShi@Output ...ipout \box \AtBeginShipoutBox 
                                                  \fi \fi 
l.57 
      <./images/output/5.png>]
<images/output/3.png, id=701, 1371.1225pt x 770.88pt>
File: images/output/3.png Graphic file (type png)

<use images/output/3.png>
Package pdftex.def Info: images/output/3.png used on input line 63.
(pdftex.def)             Requested size: 425.04358pt x 238.97034pt.

<images/output/4.png, id=703, 1371.1225pt x 770.88pt>
File: images/output/4.png Graphic file (type png)

<use images/output/4.png>
Package pdftex.def Info: images/output/4.png used on input line 72.
(pdftex.def)             Requested size: 425.04358pt x 238.97034pt.


Package Fancyhdr Warning: \headheight is too small (12.0pt): 
 Make it at least 18.0pt.
 We now make it that large for the rest of the document.
 This may cause the page layout to be inconsistent, however.

[39pdfTeX warning (ext4): destination with the same identifier (name{figure.4.1
8}) has been already used, duplicate ignored

\AtBegShi@Output ...ipout \box \AtBeginShipoutBox 
                                                  \fi \fi 
l.76 
     pdfTeX warning (ext4): destination with the same identifier (name{figure.4
.19}) has been already used, duplicate ignored

\AtBegShi@Output ...ipout \box \AtBeginShipoutBox 
                                                  \fi \fi 
l.76 
      <./images/output/2.png> <./images/output/3.png>]
<images/output/6.png, id=709, 1371.1225pt x 770.88pt>
File: images/output/6.png Graphic file (type png)

<use images/output/6.png>
Package pdftex.def Info: images/output/6.png used on input line 80.
(pdftex.def)             Requested size: 425.04358pt x 238.97034pt.

<images/output/7.png, id=711, 1371.1225pt x 770.88pt>
File: images/output/7.png Graphic file (type png)

<use images/output/7.png>
Package pdftex.def Info: images/output/7.png used on input line 88.
(pdftex.def)             Requested size: 425.04358pt x 238.97034pt.


Package Fancyhdr Warning: \headheight is too small (12.0pt): 
 Make it at least 18.0pt.
 We now make it that large for the rest of the document.
 This may cause the page layout to be inconsistent, however.

[40pdfTeX warning (ext4): destination with the same identifier (name{figure.4.2
0}) has been already used, duplicate ignored

\AtBegShi@Output ...ipout \box \AtBeginShipoutBox 
                                                  \fi \fi 
l.92 
     pdfTeX warning (ext4): destination with the same identifier (name{figure.4
.21}) has been already used, duplicate ignored

\AtBegShi@Output ...ipout \box \AtBeginShipoutBox 
                                                  \fi \fi 
l.92 
      <./images/output/4.png> <./images/output/6.png>]
<images/output/8.png, id=717, 1371.1225pt x 770.88pt>
File: images/output/8.png Graphic file (type png)

<use images/output/8.png>
Package pdftex.def Info: images/output/8.png used on input line 95.
(pdftex.def)             Requested size: 425.04358pt x 238.97034pt.

<images/output/9.png, id=719, 1371.1225pt x 770.88pt>
File: images/output/9.png Graphic file (type png)

<use images/output/9.png>
Package pdftex.def Info: images/output/9.png used on input line 102.
(pdftex.def)             Requested size: 425.04358pt x 238.97034pt.
)

Package Fancyhdr Warning: \headheight is too small (12.0pt): 
 Make it at least 18.0pt.
 We now make it that large for the rest of the document.
 This may cause the page layout to be inconsistent, however.

[41pdfTeX warning (ext4): destination with the same identifier (name{figure.4.2
2}) has been already used, duplicate ignored

\AtBegShi@Output ...ipout \box \AtBeginShipoutBox 
                                                  \fi \fi 
l.119 
      pdfTeX warning (ext4): destination with the same identifier (name{figure.
4.23}) has been already used, duplicate ignored

\AtBegShi@Output ...ipout \box \AtBeginShipoutBox 
                                                  \fi \fi 
l.119 
       <./images/output/7.png> <./images/output/8.png>] (./input/tech/test.tex
<sage-plots-for-report.tex/plot-0.pdf, id=726, 563.60905pt x 419.92068pt>
File: sage-plots-for-report.tex/plot-0.pdf Graphic file (type pdf)

<use sage-plots-for-report.tex/plot-0.pdf>
Package pdftex.def Info: sage-plots-for-report.tex/plot-0.pdf used on input lin
e 28.
(pdftex.def)             Requested size: 422.70575pt x 314.93973pt.


Package Fancyhdr Warning: \headheight is too small (12.0pt): 
 Make it at least 18.0pt.
 We now make it that large for the rest of the document.
 This may cause the page layout to be inconsistent, however.

[42pdfTeX warning (ext4): destination with the same identifier (name{figure.4.2
4}) has been already used, duplicate ignored

\AtBegShi@Output ...ipout \box \AtBeginShipoutBox 
                                                  \fi \fi 
l.32 
      <./images/output/9.png>]

LaTeX Warning: `h' float specifier changed to `ht'.


LaTeX Warning: `h' float specifier changed to `ht'.


LaTeX Warning: `h' float specifier changed to `ht'.


LaTeX Warning: `h' float specifier changed to `ht'.

)

Package Fancyhdr Warning: \headheight is too small (12.0pt): 
 Make it at least 18.0pt.
 We now make it that large for the rest of the document.
 This may cause the page layout to be inconsistent, however.

[43pdfTeX warning (ext4): destination with the same identifier (name{figure.4.2
5}) has been already used, duplicate ignored

\AtBegShi@Output ...ipout \box \AtBeginShipoutBox 
                                                  \fi \fi 
l.123 \chapter
              {CONCLUSION AND FUTURE SCOPE}pdfTeX warning (ext4): destination w
ith the same identifier (name{table.4.1}) has been already used, duplicate igno
red

\AtBegShi@Output ...ipout \box \AtBeginShipoutBox 
                                                  \fi \fi 
l.123 \chapter
              {CONCLUSION AND FUTURE SCOPE} <./sage-plots-for-report.tex/plot-0
.pdf>]

Package Fancyhdr Warning: \headheight is too small (12.0pt): 
 Make it at least 18.0pt.
 We now make it that large for the rest of the document.
 This may cause the page layout to be inconsistent, however.

[44pdfTeX warning (ext4): destination with the same identifier (name{table.4.2}
) has been already used, duplicate ignored

\AtBegShi@Output ...ipout \box \AtBeginShipoutBox 
                                                  \fi \fi 
l.123 \chapter
              {CONCLUSION AND FUTURE SCOPE}pdfTeX warning (ext4): destination w
ith the same identifier (name{table.4.3}) has been already used, duplicate igno
red

\AtBegShi@Output ...ipout \box \AtBeginShipoutBox 
                                                  \fi \fi 
l.123 \chapter
              {CONCLUSION AND FUTURE SCOPE}pdfTeX warning (ext4): destination w
ith the same identifier (name{table.4.4}) has been already used, duplicate igno
red

\AtBegShi@Output ...ipout \box \AtBeginShipoutBox 
                                                  \fi \fi 
l.123 \chapter
              {CONCLUSION AND FUTURE SCOPE}pdfTeX warning (ext4): destination w
ith the same identifier (name{table.4.5}) has been already used, duplicate igno
red

\AtBegShi@Output ...ipout \box \AtBeginShipoutBox 
                                                  \fi \fi 
l.123 \chapter
              {CONCLUSION AND FUTURE SCOPE}]
Chapter 5.
(./input/con/conclusion.tex) (./input/con/future.tex [45

])
(./input/bibliography.tex

Package Fancyhdr Warning: \headheight is too small (12.0pt): 
 Make it at least 18.0pt.
 We now make it that large for the rest of the document.
 This may cause the page layout to be inconsistent, however.

[46])
*********************************************************************
AED: lastpage setting LastPage [47

pdfTeX warning (ext4): destination with the same identifier (name{cite.}) has b
een already used, duplicate ignored

\AtBegShi@Output ...ipout \box \AtBeginShipoutBox 
                                                  \fi \fi 
l.127 \end{document}
                    pdfTeX warning (ext4): destination with the same identifier
 (name{cite.}) has been already used, duplicate ignored

\AtBegShi@Output ...ipout \box \AtBeginShipoutBox 
                                                  \fi \fi 
l.127 \end{document}
                    pdfTeX warning (ext4): destination with the same identifier
 (name{cite.}) has been already used, duplicate ignored

\AtBegShi@Output ...ipout \box \AtBeginShipoutBox 
                                                  \fi \fi 
l.127 \end{document}
                    pdfTeX warning (ext4): destination with the same identifier
 (name{cite.}) has been already used, duplicate ignored

\AtBegShi@Output ...ipout \box \AtBeginShipoutBox 
                                                  \fi \fi 
l.127 \end{document}
                    pdfTeX warning (ext4): destination with the same identifier
 (name{cite.}) has been already used, duplicate ignored

\AtBegShi@Output ...ipout \box \AtBeginShipoutBox 
                                                  \fi \fi 
l.127 \end{document}
                    pdfTeX warning (ext4): destination with the same identifier
 (name{cite.}) has been already used, duplicate ignored

\AtBegShi@Output ...ipout \box \AtBeginShipoutBox 
                                                  \fi \fi 
l.127 \end{document}
                    ]
Package atveryend Info: Empty hook `BeforeClearDocument' on input line 127.
Package atveryend Info: Empty hook `AfterLastShipout' on input line 127.
 (./report.aux)
Package atveryend Info: Executing hook `AtVeryEndDocument' on input line 127.
Package atveryend Info: Executing hook `AtEndAfterFileList' on input line 127.
Package rerunfilecheck Info: File `report.out' has not changed.
(rerunfilecheck)             Checksum: 90B299A6AF06B551CDEE94907A73EC74;3653.


LaTeX Warning: There were multiply-defined labels.

Package atveryend Info: Empty hook `AtVeryVeryEnd' on input line 127.
 ) 
Here is how much of TeX's memory you used:
 9223 strings out of 493834
 131663 string characters out of 6154319
 319869 words of memory out of 5000000
 12028 multiletter control sequences out of 15000+600000
 15423 words of font info for 59 fonts, out of 8000000 for 9000
 798 hyphenation exceptions out of 8191
 36i,12n,43p,873b,492s stack positions out of 5000i,500n,10000p,200000b,80000s
</usr/share/texlive/texmf-dist/fonts/type1/public/amsfonts/cm/cmbx12.pfb></us
r/share/texlive/texmf-dist/fonts/type1/public/amsfonts/cm/cmr10.pfb></usr/share
/texlive/texmf-dist/fonts/type1/public/amsfonts/cm/cmr12.pfb></usr/share/texliv
e/texmf-dist/fonts/type1/public/amsfonts/cm/cmr17.pfb></usr/share/texlive/texmf
-dist/fonts/type1/public/amsfonts/cm/cmr7.pfb></usr/share/texlive/texmf-dist/fo
nts/type1/public/amsfonts/cm/cmr8.pfb></usr/share/texlive/texmf-dist/fonts/type
1/public/amsfonts/cm/cmsl12.pfb></usr/share/texlive/texmf-dist/fonts/type1/publ
ic/amsfonts/cm/cmss17.pfb></usr/share/texlive/texmf-dist/fonts/type1/public/ams
fonts/cm/cmsy10.pfb></usr/share/texlive/texmf-dist/fonts/type1/public/amsfonts/
cm/cmti12.pfb></usr/share/texlive/texmf-dist/fonts/type1/public/amsfonts/cm/cmt
t12.pfb>
Output written on report.pdf (54 pages, 2638818 bytes).
PDF statistics:
 902 PDF objects out of 1000 (max. 8388607)
 746 compressed objects within 8 object streams
 240 named destinations out of 1000 (max. 500000)
 621 words of extra memory for PDF output out of 10000 (max. 10000000)

