\BOOKMARK [0][]{chapter.1}{Introduction To Organisation}{}% 1
\BOOKMARK [1][]{section.1.1}{Testing and Consutancy Cell}{chapter.1}% 2
\BOOKMARK [0][]{chapter.2}{Introduction To Project}{}% 3
\BOOKMARK [1][]{section.2.1}{overveiw}{chapter.2}% 4
\BOOKMARK [1][]{section.2.2}{The Existing System}{chapter.2}% 5
\BOOKMARK [1][]{section.2.3}{Software Functions Provided in Proposed system}{chapter.2}% 6
\BOOKMARK [1][]{section.2.4}{User Requirement Analysis}{chapter.2}% 7
\BOOKMARK [1][]{section.2.5}{Feasibility Analysis}{chapter.2}% 8
\BOOKMARK [1][]{section.2.6}{Objective of Project}{chapter.2}% 9
\BOOKMARK [0][]{chapter.3}{Project Design}{}% 10
\BOOKMARK [1][]{section.3.1}{User Requirement}{chapter.3}% 11
\BOOKMARK [1][]{section.3.2}{DFDS}{chapter.3}% 12
\BOOKMARK [1][]{section.3.3}{UI Flow Diagram}{chapter.3}% 13
\BOOKMARK [1][]{section.3.4}{Flowchart}{chapter.3}% 14
\BOOKMARK [1][]{section.3.5}{Software Requirement Analysis}{chapter.3}% 15
\BOOKMARK [2][]{subsection.3.5.1}{Functional Requirements}{section.3.5}% 16
\BOOKMARK [2][]{subsection.3.5.2}{Non functional requirements}{section.3.5}% 17
\BOOKMARK [1][]{section.3.6}{Dependencies}{chapter.3}% 18
\BOOKMARK [0][]{chapter.4}{Development and Implementation}{}% 19
\BOOKMARK [1][]{section.4.1}{Python}{chapter.4}% 20
\BOOKMARK [2][]{subsection.4.1.1}{Features of Python}{section.4.1}% 21
\BOOKMARK [2][]{subsection.4.1.2}{Installation of Python}{section.4.1}% 22
\BOOKMARK [1][]{section.4.2}{Front End Lanuages and Framework}{chapter.4}% 23
\BOOKMARK [2][]{subsection.4.2.1}{HTML}{section.4.2}% 24
\BOOKMARK [2][]{subsection.4.2.2}{CSS}{section.4.2}% 25
\BOOKMARK [2][]{subsection.4.2.3}{Javascript}{section.4.2}% 26
\BOOKMARK [2][]{subsection.4.2.4}{BootStarp}{section.4.2}% 27
\BOOKMARK [1][]{section.4.3}{Shell Scripting}{chapter.4}% 28
\BOOKMARK [1][]{section.4.4}{Introduction to LaTeX}{chapter.4}% 29
\BOOKMARK [2][]{subsection.4.4.1}{Typesetting}{section.4.4}% 30
\BOOKMARK [1][]{section.4.5}{Introduction to Django}{chapter.4}% 31
\BOOKMARK [2][]{subsection.4.5.1}{Features of Django}{section.4.5}% 32
\BOOKMARK [2][]{subsection.4.5.2}{Installation of Django}{section.4.5}% 33
\BOOKMARK [2][]{subsection.4.5.3}{MTV}{section.4.5}% 34
\BOOKMARK [2][]{subsection.4.5.4}{Creating Prject in Django}{section.4.5}% 35
\BOOKMARK [2][]{subsection.4.5.5}{Development Server in Django}{section.4.5}% 36
\BOOKMARK [2][]{subsection.4.5.6}{Database setup}{section.4.5}% 37
\BOOKMARK [1][]{section.4.6}{Introduction to Doxygen}{chapter.4}% 38
\BOOKMARK [2][]{subsection.4.6.1}{Features of Doxygen}{section.4.6}% 39
\BOOKMARK [2][]{subsection.4.6.2}{Installation of Doxygen}{section.4.6}% 40
\BOOKMARK [1][]{section.4.7}{Introduction to Github}{chapter.4}% 41
\BOOKMARK [2][]{subsection.4.7.1}{What is Git?}{section.4.7}% 42
\BOOKMARK [2][]{subsection.4.7.2}{Installation of Git}{section.4.7}% 43
\BOOKMARK [2][]{subsection.4.7.3}{Various Git Commands}{section.4.7}% 44
\BOOKMARK [3][]{subsubsection.4.7.3.1}{Create Repositories}{subsection.4.7.3}% 45
\BOOKMARK [3][]{subsubsection.4.7.3.2}{Make Changes}{subsection.4.7.3}% 46
\BOOKMARK [3][]{subsubsection.4.7.3.3}{Group Changes}{subsection.4.7.3}% 47
\BOOKMARK [3][]{subsubsection.4.7.3.4}{Save Fragments}{subsection.4.7.3}% 48
\BOOKMARK [3][]{subsubsection.4.7.3.5}{Synchronize Changes}{subsection.4.7.3}% 49
\BOOKMARK [1][]{section.4.8}{SageMath}{chapter.4}% 50
\BOOKMARK [2][]{subsection.4.8.1}{Features}{section.4.8}% 51
\BOOKMARK [2][]{subsection.4.8.2}{Installation From Source Code}{section.4.8}% 52
\BOOKMARK [1][]{section.4.9}{Implementation}{chapter.4}% 53
\BOOKMARK [1][]{section.4.10}{Testing}{chapter.4}% 54
\BOOKMARK [0][]{chapter.5}{Conclusion And Future Scope}{}% 55
\BOOKMARK [1][]{section.5.1}{Conclusion}{chapter.5}% 56
\BOOKMARK [1][]{section.5.2}{Future Scope}{chapter.5}% 57
